
> smart-attendance-backend@0.1.0 dev
> nodemon server.js

[33m[nodemon] 3.1.11[39m
[33m[nodemon] to restart at any time, enter `rs`[39m
[33m[nodemon] watching path(s): *.*[39m
[33m[nodemon] watching extensions: js,mjs,cjs,json[39m
[32m[nodemon] starting `node server.js`[39m
[dotenv@17.2.3] injecting env (2) from .env -- tip: ⚙️  specify custom .env file path with { path: '/custom/path/.env' }
Server running on http://127.0.0.1:5001
Login attempt for: pneel5684@gmail.com
MongoDB Connected
User found: Yes
Password match: Yes
Token generated successfully
Super Admin already exists
[32m[nodemon] restarting due to changes...[39m
[32m[nodemon] starting `node server.js`[39m
[dotenv@17.2.3] injecting env (2) from .env -- tip: 🔑 add access controls to secrets: https://dotenvx.com/ops
Server running on http://127.0.0.1:5001
MongoDB Connected
Super Admin already exists
[32m[nodemon] restarting child process[39m
[32m[nodemon] starting `node server.js`[39m
node:events:495
      throw er; // Unhandled 'error' event
      ^

Error: read EIO
    at TTY.onStreamRead (node:internal/stream_base_commons:217:20)
Emitted 'error' event on ReadStream instance at:
    at emitErrorNT (node:internal/streams/destroy:151:8)
    at emitErrorCloseNT (node:internal/streams/destroy:116:3)
    at process.processTicksAndRejections (node:internal/process/task_queues:82:21) {
  errno: -5,
  code: 'EIO',
  syscall: 'read'
}

Node.js v18.20.8
